INFO: PARAMETERS:
{
    "STATE_SIZE": 24,
    "ACTION_SIZE": 2,
    "SEED": 8675309,
    "LR_ACTOR": 0.0001,
    "LR_CRITIC": 0.001,
    "BUFFER_SIZE": 100000,
    "TRAIN_BATCH_SIZE": 512,
    "DISCOUNT_FACTOR": 0.99,
    "TAU": 0.001,
    "WEIGHT_DECAY": 0.0001,
    "UPDATE_ITERATION": 10,
    "NUM_UPDATES_PER_INTERVAL": 10,
    "NOISE_DECAY": 1,
    "NUM_EPISODES": 20000,
    "MAX_TIMESTEPS": 999,
    "THRESHOLD": 0.5,
    "PLOT_ITER": 100
}
INFO: Episode: 1	Avg Scores: [0.00, -0.01]	Scores: [0.00, -0.01]
INFO: Episode: 2	Avg Scores: [0.00, -0.01]	Scores: [0.00, -0.01]
INFO: Episode: 3	Avg Scores: [0.00, -0.01]	Scores: [0.00, -0.01]
INFO: Episode: 4	Avg Scores: [-0.00, -0.01]	Scores: [-0.01, 0.00]
INFO: Episode: 5	Avg Scores: [-0.00, -0.01]	Scores: [0.00, -0.01]
INFO: Episode: 6	Avg Scores: [-0.00, -0.01]	Scores: [0.00, -0.01]
INFO: Episode: 7	Avg Scores: [-0.00, -0.01]	Scores: [-0.01, 0.00]
INFO: Episode: 8	Avg Scores: [-0.00, -0.01]	Scores: [-0.01, 0.00]
INFO: Episode: 9	Avg Scores: [-0.00, 0.01]	Scores: [-0.01, 0.10]
INFO: Episode: 10	Avg Scores: [-0.00, 0.01]	Scores: [-0.01, 0.00]
INFO: Episode: 11	Avg Scores: [0.00, 0.00]	Scores: [0.10, -0.01]
INFO: Episode: 12	Avg Scores: [0.00, 0.00]	Scores: [0.00, -0.01]
INFO: Episode: 13	Avg Scores: [0.00, 0.00]	Scores: [-0.01, 0.00]
INFO: Episode: 14	Avg Scores: [0.00, 0.00]	Scores: [-0.01, 0.00]
INFO: Episode: 15	Avg Scores: [0.00, 0.00]	Scores: [-0.01, 0.00]
INFO: Episode: 16	Avg Scores: [0.00, 0.00]	Scores: [-0.01, 0.00]
INFO: Episode: 17	Avg Scores: [0.00, 0.00]	Scores: [0.00, -0.01]
INFO: Episode: 18	Avg Scores: [0.00, 0.00]	Scores: [0.00, -0.01]
INFO: Episode: 19	Avg Scores: [0.00, 0.00]	Scores: [0.00, -0.01]
INFO: Episode: 20	Avg Scores: [0.00, 0.00]	Scores: [-0.01, 0.00]
INFO: Episode: 21	Avg Scores: [0.00, -0.00]	Scores: [0.00, -0.01]
INFO: Episode: 22	Avg Scores: [-0.00, -0.00]	Scores: [-0.01, 0.00]
INFO: Episode: 23	Avg Scores: [-0.00, -0.00]	Scores: [0.00, -0.01]
INFO: Episode: 24	Avg Scores: [-0.00, -0.00]	Scores: [0.00, -0.01]
INFO: Episode: 25	Avg Scores: [-0.00, -0.00]	Scores: [0.00, -0.01]
INFO: Episode: 26	Avg Scores: [-0.00, -0.00]	Scores: [0.00, -0.01]
INFO: Episode: 27	Avg Scores: [-0.00, -0.00]	Scores: [0.00, -0.01]
INFO: Episode: 28	Avg Scores: [-0.00, -0.00]	Scores: [-0.01, 0.00]
INFO: Episode: 29	Avg Scores: [-0.00, -0.00]	Scores: [0.00, -0.01]
INFO: Episode: 30	Avg Scores: [-0.00, -0.00]	Scores: [-0.01, 0.00]
INFO: Episode: 31	Avg Scores: [-0.00, -0.00]	Scores: [-0.01, 0.00]
INFO: Episode: 32	Avg Scores: [-0.00, -0.00]	Scores: [0.00, -0.01]
INFO: Episode: 33	Avg Scores: [-0.00, -0.00]	Scores: [0.00, -0.01]
INFO: Episode: 34	Avg Scores: [-0.00, -0.00]	Scores: [-0.01, 0.00]
INFO: Episode: 35	Avg Scores: [-0.00, -0.00]	Scores: [-0.01, 0.00]
INFO: Episode: 36	Avg Scores: [-0.00, -0.00]	Scores: [-0.01, 0.00]
INFO: Episode: 37	Avg Scores: [-0.00, -0.00]	Scores: [0.00, -0.01]
INFO: Episode: 38	Avg Scores: [-0.00, -0.00]	Scores: [0.00, -0.01]
INFO: Episode: 39	Avg Scores: [-0.00, -0.00]	Scores: [-0.01, 0.00]
INFO: Episode: 40	Avg Scores: [-0.00, -0.00]	Scores: [0.00, -0.01]
INFO: Episode: 41	Avg Scores: [-0.00, -0.00]	Scores: [-0.01, 0.00]
INFO: Episode: 42	Avg Scores: [-0.00, -0.00]	Scores: [0.00, -0.01]
INFO: Episode: 43	Avg Scores: [-0.00, -0.00]	Scores: [0.00, -0.01]
INFO: Episode: 44	Avg Scores: [-0.00, -0.00]	Scores: [-0.01, 0.00]
INFO: Episode: 45	Avg Scores: [-0.00, -0.00]	Scores: [0.00, -0.01]
INFO: Episode: 46	Avg Scores: [-0.00, -0.00]	Scores: [-0.01, 0.00]
INFO: Episode: 47	Avg Scores: [-0.00, -0.00]	Scores: [0.00, -0.01]
INFO: Episode: 48	Avg Scores: [-0.00, -0.00]	Scores: [0.00, -0.01]
INFO: Episode: 49	Avg Scores: [-0.00, -0.00]	Scores: [-0.01, 0.00]
INFO: Episode: 50	Avg Scores: [-0.00, -0.00]	Scores: [-0.01, 0.00]
INFO: Episode: 51	Avg Scores: [-0.00, -0.00]	Scores: [-0.01, 0.00]
INFO: Episode: 52	Avg Scores: [-0.00, -0.00]	Scores: [0.00, -0.01]
INFO: Episode: 53	Avg Scores: [-0.00, -0.00]	Scores: [0.00, -0.01]
INFO: Episode: 54	Avg Scores: [-0.00, -0.00]	Scores: [0.00, -0.01]
INFO: Episode: 55	Avg Scores: [-0.00, -0.00]	Scores: [0.00, -0.01]
INFO: Episode: 56	Avg Scores: [-0.00, -0.00]	Scores: [0.00, -0.01]
INFO: Episode: 57	Avg Scores: [-0.00, -0.00]	Scores: [0.00, -0.01]
INFO: Episode: 58	Avg Scores: [-0.00, -0.00]	Scores: [0.00, -0.01]
INFO: Episode: 59	Avg Scores: [-0.00, -0.00]	Scores: [0.00, -0.01]
INFO: Episode: 60	Avg Scores: [-0.00, -0.00]	Scores: [0.00, -0.01]
INFO: Episode: 61	Avg Scores: [-0.00, -0.00]	Scores: [0.00, -0.01]
INFO: Episode: 62	Avg Scores: [-0.00, -0.00]	Scores: [0.00, -0.01]
INFO: Episode: 63	Avg Scores: [-0.00, -0.00]	Scores: [0.00, -0.01]
INFO: Episode: 64	Avg Scores: [-0.00, -0.00]	Scores: [0.00, -0.01]
INFO: Episode: 65	Avg Scores: [-0.00, -0.00]	Scores: [0.00, -0.01]
INFO: Episode: 66	Avg Scores: [-0.00, -0.00]	Scores: [-0.01, 0.00]
INFO: Episode: 67	Avg Scores: [-0.00, -0.00]	Scores: [0.00, -0.01]
INFO: Episode: 68	Avg Scores: [-0.00, -0.00]	Scores: [-0.01, 0.00]
INFO: Episode: 69	Avg Scores: [-0.00, -0.00]	Scores: [0.00, -0.01]
INFO: Episode: 70	Avg Scores: [-0.00, -0.00]	Scores: [-0.01, 0.00]
INFO: Episode: 71	Avg Scores: [-0.00, -0.00]	Scores: [-0.01, 0.00]
INFO: Episode: 72	Avg Scores: [-0.00, -0.00]	Scores: [0.00, -0.01]
INFO: Episode: 73	Avg Scores: [-0.00, -0.00]	Scores: [0.00, -0.01]
INFO: Episode: 74	Avg Scores: [-0.00, -0.00]	Scores: [0.00, -0.01]
INFO: Episode: 75	Avg Scores: [-0.00, -0.00]	Scores: [-0.01, 0.00]
INFO: Episode: 76	Avg Scores: [-0.00, -0.00]	Scores: [-0.01, 0.00]
INFO: Episode: 77	Avg Scores: [-0.00, -0.00]	Scores: [0.00, -0.01]
INFO: Episode: 78	Avg Scores: [-0.00, -0.00]	Scores: [0.00, -0.01]
INFO: Episode: 79	Avg Scores: [-0.00, -0.00]	Scores: [0.00, -0.01]
INFO: Episode: 80	Avg Scores: [-0.00, -0.00]	Scores: [-0.01, 0.00]
INFO: Episode: 81	Avg Scores: [-0.00, -0.00]	Scores: [-0.01, 0.00]
INFO: Episode: 82	Avg Scores: [-0.00, -0.00]	Scores: [-0.01, 0.00]
INFO: Episode: 83	Avg Scores: [-0.00, -0.00]	Scores: [0.00, -0.01]
INFO: Episode: 84	Avg Scores: [-0.00, -0.00]	Scores: [0.00, -0.01]
INFO: Episode: 85	Avg Scores: [-0.00, -0.00]	Scores: [0.00, -0.01]
INFO: Episode: 86	Avg Scores: [-0.00, -0.00]	Scores: [-0.01, 0.00]
INFO: Episode: 87	Avg Scores: [-0.00, -0.00]	Scores: [0.00, -0.01]
INFO: Episode: 88	Avg Scores: [-0.00, -0.00]	Scores: [0.00, -0.01]
INFO: Episode: 89	Avg Scores: [-0.00, -0.01]	Scores: [0.00, -0.01]
INFO: Episode: 90	Avg Scores: [-0.00, -0.01]	Scores: [0.00, -0.01]
INFO: Episode: 91	Avg Scores: [-0.00, -0.01]	Scores: [-0.01, 0.00]
INFO: Episode: 92	Avg Scores: [-0.00, -0.01]	Scores: [0.00, -0.01]
INFO: Episode: 93	Avg Scores: [-0.00, -0.01]	Scores: [-0.01, 0.00]
INFO: Episode: 94	Avg Scores: [-0.00, -0.00]	Scores: [-0.01, 0.00]
INFO: Episode: 95	Avg Scores: [-0.00, -0.01]	Scores: [0.00, -0.01]
INFO: Episode: 96	Avg Scores: [-0.00, -0.00]	Scores: [-0.01, 0.00]
INFO: Episode: 97	Avg Scores: [-0.00, -0.00]	Scores: [-0.01, 0.00]
INFO: Episode: 98	Avg Scores: [-0.00, -0.00]	Scores: [-0.01, 0.00]
INFO: Episode: 99	Avg Scores: [-0.00, -0.00]	Scores: [-0.01, 0.00]
INFO: Episode: 100	Avg Scores: [-0.00, -0.00]	Scores: [0.00, -0.01]
INFO: Episode: 101	Avg Scores: [-0.00, -0.00]	Scores: [0.00, -0.01]
INFO: Episode: 102	Avg Scores: [-0.00, -0.00]	Scores: [-0.01, 0.00]
INFO: Episode: 103	Avg Scores: [-0.00, -0.00]	Scores: [0.00, -0.01]
INFO: Episode: 104	Avg Scores: [-0.00, -0.00]	Scores: [0.00, -0.01]
INFO: Episode: 105	Avg Scores: [-0.00, -0.00]	Scores: [0.00, -0.01]
INFO: Episode: 106	Avg Scores: [-0.00, -0.00]	Scores: [0.00, -0.01]
INFO: Episode: 107	Avg Scores: [-0.00, -0.00]	Scores: [-0.01, 0.00]
INFO: Episode: 108	Avg Scores: [-0.00, -0.00]	Scores: [-0.01, 0.00]
INFO: Episode: 109	Avg Scores: [-0.00, -0.01]	Scores: [-0.01, 0.00]
INFO: Episode: 110	Avg Scores: [-0.00, -0.01]	Scores: [0.00, -0.01]
INFO: Episode: 111	Avg Scores: [-0.00, -0.01]	Scores: [-0.01, 0.00]
INFO: Episode: 112	Avg Scores: [-0.00, -0.01]	Scores: [0.00, -0.01]
INFO: Episode: 113	Avg Scores: [-0.00, -0.01]	Scores: [0.00, -0.01]
INFO: Episode: 114	Avg Scores: [-0.00, -0.01]	Scores: [-0.01, 0.00]
INFO: Episode: 115	Avg Scores: [-0.00, -0.01]	Scores: [0.00, -0.01]
INFO: Episode: 116	Avg Scores: [-0.00, -0.01]	Scores: [0.00, -0.01]
INFO: Episode: 117	Avg Scores: [-0.00, -0.01]	Scores: [0.00, -0.01]
INFO: Episode: 118	Avg Scores: [-0.00, -0.01]	Scores: [0.00, -0.01]
INFO: Episode: 119	Avg Scores: [-0.00, -0.01]	Scores: [-0.01, 0.00]
INFO: Episode: 120	Avg Scores: [-0.00, -0.01]	Scores: [0.00, -0.01]
INFO: Episode: 121	Avg Scores: [-0.00, -0.01]	Scores: [0.00, -0.01]
INFO: Episode: 122	Avg Scores: [-0.00, -0.01]	Scores: [-0.01, 0.00]
INFO: Episode: 123	Avg Scores: [-0.00, -0.01]	Scores: [-0.01, 0.00]
INFO: Episode: 124	Avg Scores: [-0.00, -0.01]	Scores: [-0.01, 0.00]
INFO: Episode: 125	Avg Scores: [-0.00, -0.01]	Scores: [-0.01, 0.00]
INFO: Episode: 126	Avg Scores: [-0.00, -0.01]	Scores: [0.00, -0.01]
INFO: Episode: 127	Avg Scores: [-0.00, -0.01]	Scores: [0.00, -0.01]
INFO: Episode: 128	Avg Scores: [-0.00, -0.01]	Scores: [0.00, -0.01]
INFO: Episode: 129	Avg Scores: [-0.00, -0.01]	Scores: [0.00, -0.01]
INFO: Episode: 130	Avg Scores: [-0.00, -0.01]	Scores: [-0.01, 0.00]
INFO: Episode: 131	Avg Scores: [-0.00, -0.00]	Scores: [-0.01, 0.10]
INFO: Episode: 132	Avg Scores: [-0.00, -0.00]	Scores: [-0.01, 0.00]
INFO: Episode: 133	Avg Scores: [-0.00, -0.00]	Scores: [0.00, -0.01]
INFO: Episode: 134	Avg Scores: [-0.00, -0.00]	Scores: [0.00, -0.01]
INFO: Episode: 135	Avg Scores: [-0.00, -0.01]	Scores: [0.00, -0.01]
INFO: Episode: 136	Avg Scores: [-0.00, -0.01]	Scores: [-0.01, 0.00]
INFO: Episode: 137	Avg Scores: [-0.00, -0.00]	Scores: [-0.01, 0.00]
INFO: Episode: 138	Avg Scores: [-0.00, -0.00]	Scores: [0.00, -0.01]
INFO: Episode: 139	Avg Scores: [-0.00, -0.00]	Scores: [-0.01, 0.00]
INFO: Episode: 140	Avg Scores: [-0.00, -0.00]	Scores: [-0.01, 0.00]
INFO: Episode: 141	Avg Scores: [-0.00, -0.00]	Scores: [-0.01, 0.00]
INFO: Episode: 142	Avg Scores: [-0.00, -0.00]	Scores: [-0.01, 0.00]
INFO: Episode: 143	Avg Scores: [-0.00, -0.00]	Scores: [0.00, -0.01]
INFO: Episode: 144	Avg Scores: [-0.00, -0.00]	Scores: [-0.01, 0.00]
INFO: Episode: 145	Avg Scores: [-0.00, -0.00]	Scores: [0.00, -0.01]
INFO: Episode: 146	Avg Scores: [-0.00, -0.00]	Scores: [-0.01, 0.00]
INFO: Episode: 147	Avg Scores: [-0.00, -0.00]	Scores: [0.00, -0.01]
INFO: Episode: 148	Avg Scores: [-0.00, -0.00]	Scores: [0.00, -0.01]
INFO: Episode: 149	Avg Scores: [-0.00, -0.00]	Scores: [-0.01, 0.00]
INFO: Episode: 150	Avg Scores: [-0.00, -0.00]	Scores: [-0.01, 0.00]
INFO: Episode: 151	Avg Scores: [-0.00, -0.00]	Scores: [-0.01, 0.00]
INFO: Episode: 152	Avg Scores: [-0.00, -0.00]	Scores: [0.00, -0.01]
INFO: Episode: 153	Avg Scores: [-0.00, -0.00]	Scores: [0.00, -0.01]
INFO: Episode: 154	Avg Scores: [-0.00, -0.00]	Scores: [0.00, -0.01]
INFO: Episode: 155	Avg Scores: [-0.00, -0.00]	Scores: [-0.01, 0.00]
INFO: Episode: 156	Avg Scores: [-0.00, -0.00]	Scores: [0.00, -0.01]
INFO: Episode: 157	Avg Scores: [-0.00, -0.00]	Scores: [0.00, -0.01]
INFO: Episode: 158	Avg Scores: [-0.00, -0.00]	Scores: [0.00, -0.01]
INFO: Episode: 159	Avg Scores: [-0.00, -0.00]	Scores: [-0.01, 0.00]
INFO: Episode: 160	Avg Scores: [-0.00, -0.00]	Scores: [0.00, -0.01]
INFO: Episode: 161	Avg Scores: [-0.00, -0.00]	Scores: [0.00, -0.01]
INFO: Episode: 162	Avg Scores: [-0.00, -0.00]	Scores: [-0.01, 0.00]
INFO: Episode: 163	Avg Scores: [-0.00, -0.00]	Scores: [0.00, -0.01]
INFO: Episode: 164	Avg Scores: [-0.00, -0.00]	Scores: [-0.01, 0.00]
INFO: Episode: 165	Avg Scores: [-0.00, -0.00]	Scores: [0.00, -0.01]
INFO: Episode: 166	Avg Scores: [-0.00, -0.00]	Scores: [-0.01, 0.00]
INFO: Episode: 167	Avg Scores: [-0.00, -0.00]	Scores: [0.00, -0.01]
INFO: Episode: 168	Avg Scores: [-0.00, -0.00]	Scores: [-0.01, 0.00]
INFO: Episode: 169	Avg Scores: [-0.00, -0.00]	Scores: [0.00, -0.01]
INFO: Episode: 170	Avg Scores: [-0.00, -0.00]	Scores: [0.00, -0.01]
INFO: Episode: 171	Avg Scores: [-0.00, -0.00]	Scores: [-0.01, 0.00]
INFO: Episode: 172	Avg Scores: [-0.00, -0.00]	Scores: [-0.01, 0.00]
INFO: Episode: 173	Avg Scores: [-0.00, -0.00]	Scores: [0.00, -0.01]
INFO: Episode: 174	Avg Scores: [-0.00, -0.00]	Scores: [0.00, -0.01]
INFO: Episode: 175	Avg Scores: [-0.00, -0.00]	Scores: [0.00, -0.01]
INFO: Episode: 176	Avg Scores: [-0.00, -0.00]	Scores: [-0.01, 0.00]
INFO: Episode: 177	Avg Scores: [-0.00, -0.00]	Scores: [-0.01, 0.00]
INFO: Episode: 178	Avg Scores: [-0.00, -0.00]	Scores: [-0.01, 0.00]
INFO: Episode: 179	Avg Scores: [-0.00, -0.00]	Scores: [0.00, -0.01]
INFO: Episode: 180	Avg Scores: [-0.00, -0.00]	Scores: [-0.01, 0.00]
INFO: Episode: 181	Avg Scores: [-0.00, -0.00]	Scores: [0.00, -0.01]
INFO: Episode: 182	Avg Scores: [-0.00, -0.00]	Scores: [0.00, -0.01]
INFO: Episode: 183	Avg Scores: [-0.00, -0.00]	Scores: [-0.01, 0.00]
INFO: Episode: 184	Avg Scores: [-0.00, -0.00]	Scores: [-0.01, 0.00]
INFO: Episode: 185	Avg Scores: [-0.00, -0.00]	Scores: [-0.01, 0.00]
INFO: Episode: 186	Avg Scores: [-0.00, -0.00]	Scores: [0.00, -0.01]
INFO: Episode: 187	Avg Scores: [-0.00, -0.00]	Scores: [-0.01, 0.00]
INFO: Episode: 188	Avg Scores: [-0.00, -0.00]	Scores: [0.00, -0.01]
INFO: Episode: 189	Avg Scores: [-0.00, -0.00]	Scores: [0.00, -0.01]
INFO: Episode: 190	Avg Scores: [-0.00, -0.00]	Scores: [0.00, -0.01]
INFO: Episode: 191	Avg Scores: [-0.00, -0.00]	Scores: [0.00, -0.01]
INFO: Episode: 192	Avg Scores: [-0.00, -0.00]	Scores: [-0.01, 0.00]
INFO: Episode: 193	Avg Scores: [-0.00, -0.00]	Scores: [0.00, -0.01]
INFO: Episode: 194	Avg Scores: [-0.00, -0.00]	Scores: [-0.01, 0.00]
INFO: Episode: 195	Avg Scores: [-0.00, -0.00]	Scores: [-0.01, 0.00]
INFO: Episode: 196	Avg Scores: [-0.00, -0.00]	Scores: [0.00, -0.01]
INFO: Episode: 197	Avg Scores: [-0.00, -0.00]	Scores: [-0.01, 0.00]
INFO: Episode: 198	Avg Scores: [-0.00, -0.00]	Scores: [0.00, -0.01]
INFO: Episode: 199	Avg Scores: [-0.00, -0.00]	Scores: [0.00, -0.01]
INFO: Episode: 200	Avg Scores: [-0.00, -0.00]	Scores: [0.00, -0.01]
INFO: Episode: 201	Avg Scores: [-0.00, -0.00]	Scores: [-0.01, 0.00]
INFO: Episode: 202	Avg Scores: [-0.00, -0.00]	Scores: [-0.01, 0.00]
INFO: Episode: 203	Avg Scores: [-0.00, -0.00]	Scores: [-0.01, 0.00]
INFO: Episode: 204	Avg Scores: [-0.00, -0.00]	Scores: [0.00, -0.01]
INFO: Episode: 205	Avg Scores: [-0.00, -0.00]	Scores: [-0.01, 0.00]
INFO: Episode: 206	Avg Scores: [-0.00, -0.00]	Scores: [0.00, -0.01]
INFO: Episode: 207	Avg Scores: [-0.00, -0.00]	Scores: [0.00, -0.01]
INFO: Episode: 208	Avg Scores: [-0.00, -0.00]	Scores: [-0.01, 0.00]
INFO: Episode: 209	Avg Scores: [-0.00, -0.00]	Scores: [0.00, -0.01]
INFO: Episode: 210	Avg Scores: [-0.00, -0.00]	Scores: [-0.01, 0.00]
INFO: Episode: 211	Avg Scores: [-0.00, -0.00]	Scores: [0.00, -0.01]
INFO: Episode: 212	Avg Scores: [-0.00, -0.00]	Scores: [-0.01, 0.00]
INFO: Episode: 213	Avg Scores: [-0.00, -0.00]	Scores: [-0.01, 0.00]
INFO: Episode: 214	Avg Scores: [-0.00, -0.00]	Scores: [0.00, -0.01]
INFO: Episode: 215	Avg Scores: [-0.00, -0.00]	Scores: [-0.01, 0.00]
INFO: Episode: 216	Avg Scores: [-0.00, -0.00]	Scores: [-0.01, 0.00]
INFO: Episode: 217	Avg Scores: [-0.00, -0.00]	Scores: [0.00, -0.01]
INFO: Episode: 218	Avg Scores: [-0.00, -0.00]	Scores: [0.00, -0.01]
INFO: Episode: 219	Avg Scores: [-0.00, -0.00]	Scores: [-0.01, 0.00]
INFO: Episode: 220	Avg Scores: [-0.00, -0.00]	Scores: [-0.01, 0.00]
INFO: Episode: 221	Avg Scores: [-0.00, -0.00]	Scores: [0.00, -0.01]
INFO: Episode: 222	Avg Scores: [-0.00, -0.00]	Scores: [0.00, -0.01]
INFO: Episode: 223	Avg Scores: [-0.00, -0.00]	Scores: [0.00, -0.01]
INFO: Episode: 224	Avg Scores: [-0.00, -0.00]	Scores: [-0.01, 0.00]
INFO: Episode: 225	Avg Scores: [-0.00, -0.00]	Scores: [0.00, -0.01]
INFO: Episode: 226	Avg Scores: [-0.00, -0.00]	Scores: [-0.01, 0.00]
INFO: Episode: 227	Avg Scores: [-0.00, -0.00]	Scores: [0.00, -0.01]
INFO: Episode: 228	Avg Scores: [-0.00, -0.00]	Scores: [-0.01, 0.00]
INFO: Episode: 229	Avg Scores: [-0.00, -0.00]	Scores: [-0.01, 0.00]
INFO: Episode: 230	Avg Scores: [-0.00, -0.00]	Scores: [0.00, -0.01]
INFO: Episode: 231	Avg Scores: [-0.00, -0.01]	Scores: [0.00, -0.01]
INFO: Episode: 232	Avg Scores: [-0.00, -0.01]	Scores: [0.00, -0.01]
INFO: Episode: 233	Avg Scores: [-0.00, -0.01]	Scores: [0.00, -0.01]
INFO: Episode: 234	Avg Scores: [-0.00, -0.01]	Scores: [0.00, -0.01]
INFO: Episode: 235	Avg Scores: [-0.00, -0.01]	Scores: [-0.01, 0.00]
INFO: Episode: 236	Avg Scores: [-0.00, -0.01]	Scores: [0.00, -0.01]
INFO: Episode: 237	Avg Scores: [-0.00, -0.01]	Scores: [-0.01, 0.00]
INFO: Episode: 238	Avg Scores: [-0.00, -0.01]	Scores: [0.00, -0.01]
INFO: Episode: 239	Avg Scores: [-0.00, -0.01]	Scores: [-0.01, 0.00]
INFO: Episode: 240	Avg Scores: [-0.00, -0.01]	Scores: [0.00, -0.01]
INFO: Episode: 241	Avg Scores: [-0.00, -0.01]	Scores: [0.00, -0.01]
INFO: Episode: 242	Avg Scores: [-0.00, -0.01]	Scores: [-0.01, 0.00]
INFO: Episode: 243	Avg Scores: [-0.00, -0.01]	Scores: [-0.01, 0.00]
INFO: Episode: 244	Avg Scores: [-0.00, -0.01]	Scores: [0.00, -0.01]
INFO: Episode: 245	Avg Scores: [-0.00, -0.01]	Scores: [0.00, -0.01]
INFO: Episode: 246	Avg Scores: [-0.00, -0.01]	Scores: [0.00, -0.01]
INFO: Episode: 247	Avg Scores: [-0.00, -0.01]	Scores: [0.00, -0.01]
INFO: Episode: 248	Avg Scores: [-0.00, -0.01]	Scores: [0.00, -0.01]
INFO: Episode: 249	Avg Scores: [-0.00, -0.01]	Scores: [0.00, -0.01]
INFO: Episode: 250	Avg Scores: [-0.00, -0.01]	Scores: [-0.01, 0.00]
INFO: Episode: 251	Avg Scores: [-0.00, -0.01]	Scores: [-0.01, 0.00]
INFO: Episode: 252	Avg Scores: [-0.00, -0.01]	Scores: [-0.01, 0.00]
INFO: Episode: 253	Avg Scores: [-0.00, -0.01]	Scores: [-0.01, 0.00]
INFO: Episode: 254	Avg Scores: [-0.00, -0.01]	Scores: [0.00, -0.01]
INFO: Episode: 255	Avg Scores: [-0.00, -0.01]	Scores: [0.00, -0.01]
INFO: Episode: 256	Avg Scores: [-0.00, -0.01]	Scores: [0.00, -0.01]
INFO: Episode: 257	Avg Scores: [-0.00, -0.01]	Scores: [0.00, -0.01]
INFO: Episode: 258	Avg Scores: [-0.00, -0.01]	Scores: [0.00, -0.01]
INFO: Episode: 259	Avg Scores: [-0.00, -0.01]	Scores: [0.00, -0.01]
INFO: Episode: 260	Avg Scores: [-0.00, -0.01]	Scores: [0.00, -0.01]
INFO: Episode: 261	Avg Scores: [-0.00, -0.01]	Scores: [0.00, -0.01]
INFO: Episode: 262	Avg Scores: [-0.00, -0.01]	Scores: [-0.01, 0.00]
INFO: Episode: 263	Avg Scores: [-0.00, -0.01]	Scores: [0.00, -0.01]
INFO: Episode: 264	Avg Scores: [-0.00, -0.01]	Scores: [-0.01, 0.00]
INFO: Episode: 265	Avg Scores: [-0.00, -0.01]	Scores: [0.00, -0.01]
INFO: Episode: 266	Avg Scores: [-0.00, -0.01]	Scores: [-0.01, 0.00]
INFO: Episode: 267	Avg Scores: [-0.00, -0.01]	Scores: [0.00, -0.01]
INFO: Episode: 268	Avg Scores: [-0.00, -0.01]	Scores: [-0.01, 0.00]
INFO: Episode: 269	Avg Scores: [-0.00, -0.01]	Scores: [0.00, -0.01]
INFO: Episode: 270	Avg Scores: [-0.00, -0.01]	Scores: [0.00, -0.01]
INFO: Episode: 271	Avg Scores: [-0.00, -0.01]	Scores: [-0.01, 0.00]
INFO: Episode: 272	Avg Scores: [-0.00, -0.01]	Scores: [0.00, -0.01]
INFO: Episode: 273	Avg Scores: [-0.00, -0.01]	Scores: [-0.01, 0.00]
INFO: Episode: 274	Avg Scores: [-0.00, -0.01]	Scores: [0.00, -0.01]
INFO: Episode: 275	Avg Scores: [-0.00, -0.01]	Scores: [-0.01, 0.00]
INFO: Episode: 276	Avg Scores: [-0.00, -0.01]	Scores: [-0.01, 0.00]
INFO: Episode: 277	Avg Scores: [-0.00, -0.01]	Scores: [-0.01, 0.00]
INFO: Episode: 278	Avg Scores: [-0.00, -0.01]	Scores: [-0.01, 0.00]
INFO: Episode: 279	Avg Scores: [-0.00, -0.01]	Scores: [0.00, -0.01]
INFO: Episode: 280	Avg Scores: [-0.00, -0.01]	Scores: [0.00, -0.01]
INFO: Episode: 281	Avg Scores: [-0.00, -0.01]	Scores: [0.00, -0.01]
INFO: Episode: 282	Avg Scores: [-0.00, -0.01]	Scores: [-0.01, 0.00]
INFO: Episode: 283	Avg Scores: [-0.00, -0.01]	Scores: [-0.01, 0.00]
INFO: Episode: 284	Avg Scores: [-0.00, -0.01]	Scores: [-0.01, 0.00]
INFO: Episode: 285	Avg Scores: [-0.00, -0.01]	Scores: [0.00, -0.01]
INFO: Episode: 286	Avg Scores: [-0.00, -0.01]	Scores: [-0.01, 0.00]
INFO: Episode: 287	Avg Scores: [-0.00, -0.01]	Scores: [0.00, -0.01]
INFO: Episode: 288	Avg Scores: [-0.00, -0.01]	Scores: [-0.01, 0.00]
INFO: Episode: 289	Avg Scores: [-0.00, -0.01]	Scores: [-0.01, 0.00]
INFO: Episode: 290	Avg Scores: [-0.00, -0.01]	Scores: [-0.01, 0.00]
INFO: Episode: 291	Avg Scores: [-0.00, -0.01]	Scores: [-0.01, 0.00]
INFO: Episode: 292	Avg Scores: [-0.00, -0.01]	Scores: [-0.01, 0.00]
INFO: Episode: 293	Avg Scores: [-0.00, -0.01]	Scores: [-0.01, 0.00]
INFO: Episode: 294	Avg Scores: [-0.00, -0.01]	Scores: [0.00, -0.01]
INFO: Episode: 295	Avg Scores: [-0.00, -0.01]	Scores: [-0.01, 0.00]
INFO: Episode: 296	Avg Scores: [-0.00, -0.01]	Scores: [-0.01, 0.00]
INFO: Episode: 297	Avg Scores: [-0.00, -0.01]	Scores: [-0.01, 0.00]
INFO: Episode: 298	Avg Scores: [-0.00, -0.01]	Scores: [0.00, -0.01]
INFO: Episode: 299	Avg Scores: [-0.00, -0.01]	Scores: [-0.01, 0.00]
INFO: Episode: 300	Avg Scores: [-0.00, -0.01]	Scores: [0.00, -0.01]
INFO: Episode: 301	Avg Scores: [-0.00, -0.01]	Scores: [0.00, -0.01]
INFO: Episode: 302	Avg Scores: [-0.00, -0.01]	Scores: [0.00, -0.01]
INFO: Episode: 303	Avg Scores: [-0.00, -0.01]	Scores: [-0.01, 0.00]
INFO: Episode: 304	Avg Scores: [-0.00, -0.01]	Scores: [0.00, -0.01]
INFO: Episode: 305	Avg Scores: [-0.00, -0.01]	Scores: [0.00, -0.01]
INFO: Episode: 306	Avg Scores: [-0.00, -0.01]	Scores: [-0.01, 0.00]
INFO: Episode: 307	Avg Scores: [-0.00, -0.01]	Scores: [0.00, -0.01]
INFO: Episode: 308	Avg Scores: [-0.00, -0.01]	Scores: [-0.01, 0.00]
INFO: Episode: 309	Avg Scores: [-0.00, -0.01]	Scores: [0.00, -0.01]
INFO: Episode: 310	Avg Scores: [-0.00, -0.01]	Scores: [-0.01, 0.00]
INFO: Episode: 311	Avg Scores: [-0.00, -0.01]	Scores: [-0.01, 0.00]
INFO: Episode: 312	Avg Scores: [-0.00, -0.01]	Scores: [0.00, -0.01]
INFO: Episode: 313	Avg Scores: [-0.00, -0.01]	Scores: [0.00, -0.01]
INFO: Episode: 314	Avg Scores: [-0.00, -0.01]	Scores: [0.00, -0.01]
INFO: Episode: 315	Avg Scores: [-0.00, -0.01]	Scores: [0.00, -0.01]
INFO: Episode: 316	Avg Scores: [-0.00, -0.01]	Scores: [-0.01, 0.00]
INFO: Episode: 317	Avg Scores: [-0.00, -0.01]	Scores: [0.00, -0.01]
INFO: Episode: 318	Avg Scores: [-0.00, -0.01]	Scores: [0.00, -0.01]
INFO: Episode: 319	Avg Scores: [-0.00, -0.01]	Scores: [-0.01, 0.00]
INFO: Episode: 320	Avg Scores: [-0.00, -0.01]	Scores: [-0.01, 0.00]
INFO: Episode: 321	Avg Scores: [-0.00, -0.01]	Scores: [0.00, -0.01]
INFO: Episode: 322	Avg Scores: [-0.00, -0.01]	Scores: [0.00, -0.01]
INFO: Episode: 323	Avg Scores: [-0.00, -0.01]	Scores: [-0.01, 0.00]
INFO: Episode: 324	Avg Scores: [-0.00, -0.01]	Scores: [0.00, -0.01]
INFO: Episode: 325	Avg Scores: [-0.00, -0.01]	Scores: [-0.01, 0.00]
INFO: Episode: 326	Avg Scores: [-0.00, -0.01]	Scores: [0.00, -0.01]
INFO: Episode: 327	Avg Scores: [-0.00, -0.01]	Scores: [0.00, -0.01]
INFO: Episode: 328	Avg Scores: [-0.00, -0.01]	Scores: [0.00, -0.01]
INFO: Episode: 329	Avg Scores: [-0.00, -0.01]	Scores: [0.00, -0.01]
INFO: Episode: 330	Avg Scores: [-0.00, -0.01]	Scores: [0.00, -0.01]
INFO: Episode: 331	Avg Scores: [-0.00, -0.01]	Scores: [0.00, -0.01]
INFO: Episode: 332	Avg Scores: [-0.00, -0.00]	Scores: [0.00, 0.09]
INFO: Episode: 333	Avg Scores: [-0.00, -0.00]	Scores: [-0.01, 0.00]
INFO: Episode: 334	Avg Scores: [-0.00, -0.00]	Scores: [-0.01, 0.00]
INFO: Episode: 335	Avg Scores: [-0.00, -0.00]	Scores: [0.00, -0.01]
INFO: Episode: 336	Avg Scores: [-0.00, -0.00]	Scores: [-0.01, 0.00]
INFO: Episode: 337	Avg Scores: [-0.00, -0.00]	Scores: [0.00, -0.01]
INFO: Episode: 338	Avg Scores: [-0.00, -0.00]	Scores: [-0.01, 0.00]
INFO: Episode: 339	Avg Scores: [-0.00, -0.00]	Scores: [-0.01, 0.00]
INFO: Episode: 340	Avg Scores: [-0.00, -0.00]	Scores: [-0.01, 0.00]
INFO: Episode: 341	Avg Scores: [-0.00, -0.00]	Scores: [-0.01, 0.00]
INFO: Episode: 342	Avg Scores: [-0.00, -0.00]	Scores: [-0.01, 0.00]
INFO: Episode: 343	Avg Scores: [-0.00, -0.00]	Scores: [0.00, -0.01]
INFO: Episode: 344	Avg Scores: [-0.00, -0.00]	Scores: [-0.01, 0.00]
INFO: Episode: 345	Avg Scores: [-0.00, -0.00]	Scores: [-0.01, 0.00]
INFO: Episode: 346	Avg Scores: [-0.00, -0.00]	Scores: [-0.01, 0.00]
INFO: Episode: 347	Avg Scores: [-0.00, -0.00]	Scores: [0.00, -0.01]
INFO: Episode: 348	Avg Scores: [-0.00, -0.00]	Scores: [0.00, -0.01]
INFO: Episode: 349	Avg Scores: [-0.00, -0.00]	Scores: [-0.01, 0.10]
INFO: Episode: 350	Avg Scores: [-0.00, -0.00]	Scores: [-0.01, 0.00]
INFO: Episode: 351	Avg Scores: [-0.00, -0.00]	Scores: [-0.01, 0.00]
INFO: Episode: 352	Avg Scores: [-0.00, -0.00]	Scores: [-0.01, 0.00]
INFO: Episode: 353	Avg Scores: [-0.00, -0.00]	Scores: [0.00, -0.01]
INFO: Episode: 354	Avg Scores: [-0.00, -0.00]	Scores: [0.00, -0.01]
INFO: Episode: 355	Avg Scores: [-0.00, -0.00]	Scores: [-0.01, 0.00]
INFO: Episode: 356	Avg Scores: [-0.00, -0.00]	Scores: [0.00, 0.09]
INFO: Episode: 357	Avg Scores: [-0.01, -0.00]	Scores: [-0.01, 0.00]
INFO: Episode: 358	Avg Scores: [-0.01, -0.00]	Scores: [0.00, -0.01]
INFO: Episode: 359	Avg Scores: [-0.01, -0.00]	Scores: [0.00, -0.01]
INFO: Episode: 360	Avg Scores: [-0.01, -0.00]	Scores: [-0.01, 0.00]
INFO: Episode: 361	Avg Scores: [-0.01, -0.00]	Scores: [0.00, 0.09]
INFO: Episode: 362	Avg Scores: [-0.01, -0.00]	Scores: [-0.01, 0.00]
INFO: Episode: 363	Avg Scores: [-0.01, 0.00]	Scores: [0.00, 0.09]
INFO: Episode: 364	Avg Scores: [-0.01, 0.00]	Scores: [0.00, -0.01]
INFO: Episode: 365	Avg Scores: [-0.01, 0.00]	Scores: [0.00, -0.01]
INFO: Episode: 366	Avg Scores: [-0.00, 0.00]	Scores: [0.00, -0.01]
INFO: Episode: 367	Avg Scores: [-0.01, 0.00]	Scores: [-0.01, 0.00]
INFO: Episode: 368	Avg Scores: [-0.01, 0.00]	Scores: [-0.01, 0.00]
INFO: Episode: 369	Avg Scores: [-0.01, 0.00]	Scores: [-0.01, 0.00]
INFO: Episode: 370	Avg Scores: [-0.01, 0.00]	Scores: [0.00, -0.01]
INFO: Episode: 371	Avg Scores: [-0.01, 0.00]	Scores: [0.00, -0.01]
INFO: Episode: 372	Avg Scores: [-0.01, 0.00]	Scores: [-0.01, 0.00]
INFO: Episode: 373	Avg Scores: [-0.01, 0.00]	Scores: [0.00, -0.01]
INFO: Episode: 374	Avg Scores: [-0.01, 0.00]	Scores: [-0.01, 0.00]
INFO: Episode: 375	Avg Scores: [-0.01, 0.00]	Scores: [0.00, -0.01]
INFO: Episode: 376	Avg Scores: [-0.00, 0.00]	Scores: [0.00, -0.01]
INFO: Episode: 377	Avg Scores: [-0.00, -0.00]	Scores: [0.00, -0.01]
INFO: Episode: 378	Avg Scores: [-0.00, -0.00]	Scores: [0.00, -0.01]
INFO: Episode: 379	Avg Scores: [-0.00, -0.00]	Scores: [-0.01, 0.00]
INFO: Episode: 380	Avg Scores: [-0.00, 0.00]	Scores: [-0.01, 0.00]
INFO: Episode: 381	Avg Scores: [-0.01, 0.00]	Scores: [-0.01, 0.00]
INFO: Episode: 382	Avg Scores: [-0.00, 0.00]	Scores: [0.00, -0.01]
INFO: Episode: 383	Avg Scores: [-0.00, -0.00]	Scores: [0.00, -0.01]
INFO: Episode: 384	Avg Scores: [-0.00, -0.00]	Scores: [-0.01, 0.00]
INFO: Episode: 385	Avg Scores: [-0.00, 0.00]	Scores: [-0.01, 0.00]
INFO: Episode: 386	Avg Scores: [-0.00, -0.00]	Scores: [0.00, -0.01]
INFO: Episode: 387	Avg Scores: [-0.00, -0.00]	Scores: [0.00, -0.01]
INFO: Episode: 388	Avg Scores: [-0.00, 0.00]	Scores: [-0.01, 0.10]
INFO: Episode: 389	Avg Scores: [-0.00, 0.00]	Scores: [-0.01, 0.10]
INFO: Episode: 390	Avg Scores: [-0.00, 0.00]	Scores: [0.00, -0.01]
INFO: Episode: 391	Avg Scores: [-0.00, 0.00]	Scores: [-0.01, 0.00]
INFO: Episode: 392	Avg Scores: [-0.00, 0.00]	Scores: [-0.01, 0.00]
INFO: Episode: 393	Avg Scores: [-0.00, 0.00]	Scores: [-0.01, 0.00]
INFO: Episode: 394	Avg Scores: [-0.00, 0.00]	Scores: [-0.01, 0.00]
INFO: Episode: 395	Avg Scores: [-0.00, 0.00]	Scores: [-0.01, 0.00]
INFO: Episode: 396	Avg Scores: [-0.00, 0.00]	Scores: [-0.01, 0.00]
INFO: Episode: 397	Avg Scores: [-0.00, 0.00]	Scores: [-0.01, 0.10]
INFO: Episode: 398	Avg Scores: [-0.00, 0.00]	Scores: [0.00, -0.01]
INFO: Episode: 399	Avg Scores: [-0.00, 0.00]	Scores: [-0.01, 0.00]
INFO: Episode: 400	Avg Scores: [-0.00, 0.00]	Scores: [0.00, -0.01]
INFO: Episode: 401	Avg Scores: [-0.00, 0.00]	Scores: [0.00, -0.01]
INFO: Episode: 402	Avg Scores: [-0.00, 0.00]	Scores: [-0.01, 0.00]
INFO: Episode: 403	Avg Scores: [-0.00, 0.00]	Scores: [0.00, -0.01]
INFO: Episode: 404	Avg Scores: [-0.00, 0.00]	Scores: [0.00, -0.01]
INFO: Episode: 405	Avg Scores: [-0.00, 0.00]	Scores: [0.00, -0.01]
INFO: Episode: 406	Avg Scores: [-0.00, 0.00]	Scores: [-0.01, 0.00]
INFO: Episode: 407	Avg Scores: [-0.00, 0.00]	Scores: [-0.01, 0.00]
INFO: Episode: 408	Avg Scores: [-0.00, 0.00]	Scores: [0.00, -0.01]
INFO: Episode: 409	Avg Scores: [-0.00, 0.00]	Scores: [0.00, -0.01]
INFO: Episode: 410	Avg Scores: [-0.00, 0.00]	Scores: [-0.01, 0.00]
INFO: Episode: 411	Avg Scores: [-0.00, 0.00]	Scores: [0.00, -0.01]
INFO: Episode: 412	Avg Scores: [-0.00, 0.00]	Scores: [0.00, -0.01]
INFO: Episode: 413	Avg Scores: [-0.00, 0.00]	Scores: [0.00, -0.01]
INFO: Episode: 414	Avg Scores: [-0.00, 0.00]	Scores: [0.00, -0.01]
INFO: Episode: 415	Avg Scores: [-0.00, 0.00]	Scores: [-0.01, 0.00]
INFO: Episode: 416	Avg Scores: [-0.00, 0.00]	Scores: [0.00, -0.01]
INFO: Episode: 417	Avg Scores: [-0.00, 0.00]	Scores: [-0.01, 0.00]
INFO: Episode: 418	Avg Scores: [-0.00, 0.00]	Scores: [-0.01, 0.00]
INFO: Episode: 419	Avg Scores: [-0.00, 0.00]	Scores: [0.00, -0.01]
INFO: Episode: 420	Avg Scores: [-0.00, 0.00]	Scores: [0.00, -0.01]
INFO: Episode: 421	Avg Scores: [-0.00, 0.00]	Scores: [0.00, -0.01]
INFO: Episode: 422	Avg Scores: [-0.00, 0.00]	Scores: [-0.01, 0.10]
INFO: Episode: 423	Avg Scores: [-0.00, 0.00]	Scores: [0.00, -0.01]
INFO: Episode: 424	Avg Scores: [-0.00, 0.00]	Scores: [-0.01, 0.00]
INFO: Episode: 425	Avg Scores: [-0.00, 0.00]	Scores: [0.00, -0.01]
INFO: Episode: 426	Avg Scores: [-0.00, 0.00]	Scores: [-0.01, 0.00]
INFO: Episode: 427	Avg Scores: [-0.00, 0.00]	Scores: [0.00, -0.01]
INFO: Episode: 428	Avg Scores: [-0.00, 0.00]	Scores: [-0.01, 0.00]
INFO: Episode: 429	Avg Scores: [-0.01, 0.00]	Scores: [-0.01, 0.00]
INFO: Episode: 430	Avg Scores: [-0.01, 0.00]	Scores: [0.00, -0.01]
INFO: Episode: 431	Avg Scores: [-0.01, 0.00]	Scores: [0.00, -0.01]
INFO: Episode: 432	Avg Scores: [-0.01, 0.00]	Scores: [0.00, -0.01]
INFO: Episode: 433	Avg Scores: [-0.00, 0.00]	Scores: [0.00, -0.01]
INFO: Episode: 434	Avg Scores: [-0.00, 0.00]	Scores: [0.00, -0.01]
INFO: Episode: 435	Avg Scores: [-0.00, 0.00]	Scores: [0.00, -0.01]
INFO: Episode: 436	Avg Scores: [-0.00, 0.00]	Scores: [0.00, -0.01]
INFO: Episode: 437	Avg Scores: [-0.00, 0.00]	Scores: [0.00, -0.01]
INFO: Episode: 438	Avg Scores: [-0.00, 0.00]	Scores: [-0.01, 0.00]
INFO: Episode: 439	Avg Scores: [-0.00, 0.00]	Scores: [0.10, -0.01]
INFO: Episode: 440	Avg Scores: [-0.00, 0.00]	Scores: [-0.01, 0.00]
INFO: Episode: 441	Avg Scores: [-0.00, 0.00]	Scores: [0.00, -0.01]
INFO: Episode: 442	Avg Scores: [-0.00, 0.00]	Scores: [0.00, -0.01]
INFO: Episode: 443	Avg Scores: [-0.00, 0.00]	Scores: [0.10, -0.01]
INFO: Episode: 444	Avg Scores: [-0.00, 0.00]	Scores: [-0.01, 0.00]
INFO: Episode: 445	Avg Scores: [-0.00, 0.00]	Scores: [0.10, -0.01]
INFO: Episode: 446	Avg Scores: [-0.00, 0.00]	Scores: [0.00, -0.01]
INFO: Episode: 447	Avg Scores: [-0.00, 0.00]	Scores: [0.10, -0.01]
INFO: Episode: 448	Avg Scores: [-0.00, 0.00]	Scores: [0.00, -0.01]
INFO: Episode: 449	Avg Scores: [-0.00, 0.00]	Scores: [0.00, -0.01]
INFO: Episode: 450	Avg Scores: [0.00, 0.00]	Scores: [0.09, 0.00]
INFO: Episode: 451	Avg Scores: [0.00, 0.00]	Scores: [0.00, -0.01]
INFO: Episode: 452	Avg Scores: [0.00, 0.00]	Scores: [0.10, -0.01]
INFO: Episode: 453	Avg Scores: [0.00, 0.00]	Scores: [0.00, -0.01]
INFO: Episode: 454	Avg Scores: [0.00, 0.00]	Scores: [-0.01, 0.00]
INFO: Episode: 455	Avg Scores: [0.00, 0.00]	Scores: [0.00, -0.01]
INFO: Episode: 456	Avg Scores: [0.00, 0.00]	Scores: [0.00, -0.01]
INFO: Episode: 457	Avg Scores: [0.00, -0.00]	Scores: [0.00, -0.01]
INFO: Episode: 458	Avg Scores: [0.00, -0.00]	Scores: [0.10, -0.01]
INFO: Episode: 459	Avg Scores: [0.00, -0.00]	Scores: [0.00, -0.01]
INFO: Episode: 460	Avg Scores: [0.00, -0.00]	Scores: [0.10, -0.01]
INFO: Episode: 461	Avg Scores: [0.00, -0.00]	Scores: [0.00, -0.01]
INFO: Episode: 462	Avg Scores: [0.00, -0.00]	Scores: [0.00, -0.01]
INFO: Episode: 463	Avg Scores: [0.00, -0.00]	Scores: [0.00, -0.01]
INFO: Episode: 464	Avg Scores: [0.01, -0.00]	Scores: [0.10, -0.01]
INFO: Episode: 465	Avg Scores: [0.01, -0.00]	Scores: [0.10, -0.01]
INFO: Episode: 466	Avg Scores: [0.01, -0.00]	Scores: [0.00, -0.01]
INFO: Episode: 467	Avg Scores: [0.01, -0.00]	Scores: [-0.01, 0.00]
INFO: Episode: 468	Avg Scores: [0.01, -0.00]	Scores: [0.00, -0.01]
INFO: Episode: 469	Avg Scores: [0.01, -0.00]	Scores: [0.10, -0.01]
INFO: Episode: 470	Avg Scores: [0.01, -0.00]	Scores: [-0.01, 0.00]
INFO: Episode: 471	Avg Scores: [0.01, -0.00]	Scores: [0.10, -0.01]
INFO: Episode: 472	Avg Scores: [0.01, -0.00]	Scores: [0.00, -0.01]
INFO: Episode: 473	Avg Scores: [0.01, -0.00]	Scores: [-0.01, 0.00]
INFO: Episode: 474	Avg Scores: [0.01, -0.00]	Scores: [-0.01, 0.00]
INFO: Episode: 475	Avg Scores: [0.01, -0.00]	Scores: [0.00, -0.01]
INFO: Episode: 476	Avg Scores: [0.01, -0.00]	Scores: [-0.01, 0.00]
INFO: Episode: 477	Avg Scores: [0.01, -0.00]	Scores: [0.10, -0.01]
INFO: Episode: 478	Avg Scores: [0.01, -0.00]	Scores: [0.00, -0.01]
INFO: Episode: 479	Avg Scores: [0.01, -0.00]	Scores: [0.00, -0.01]
INFO: Episode: 480	Avg Scores: [0.01, -0.00]	Scores: [0.00, -0.01]
INFO: Episode: 481	Avg Scores: [0.01, -0.00]	Scores: [0.00, -0.01]
INFO: Episode: 482	Avg Scores: [0.01, -0.00]	Scores: [0.00, -0.01]
INFO: Episode: 483	Avg Scores: [0.01, -0.00]	Scores: [0.00, -0.01]
INFO: Episode: 484	Avg Scores: [0.01, -0.00]	Scores: [0.00, -0.01]
INFO: Episode: 485	Avg Scores: [0.01, -0.00]	Scores: [0.00, -0.01]
INFO: Episode: 486	Avg Scores: [0.01, -0.00]	Scores: [0.00, -0.01]
INFO: Episode: 487	Avg Scores: [0.01, -0.00]	Scores: [0.00, -0.01]
INFO: Episode: 488	Avg Scores: [0.01, -0.00]	Scores: [0.00, -0.01]
INFO: Episode: 489	Avg Scores: [0.01, -0.00]	Scores: [0.00, -0.01]
INFO: Episode: 490	Avg Scores: [0.01, -0.00]	Scores: [-0.01, 0.00]
INFO: Episode: 491	Avg Scores: [0.01, -0.00]	Scores: [0.10, -0.01]
INFO: Episode: 492	Avg Scores: [0.01, -0.00]	Scores: [-0.01, 0.00]
INFO: Episode: 493	Avg Scores: [0.01, -0.01]	Scores: [0.00, -0.01]
INFO: Episode: 494	Avg Scores: [0.01, -0.01]	Scores: [-0.01, 0.00]
INFO: Episode: 495	Avg Scores: [0.01, -0.01]	Scores: [0.00, -0.01]
INFO: Episode: 496	Avg Scores: [0.01, -0.01]	Scores: [0.00, -0.01]
INFO: Episode: 497	Avg Scores: [0.01, -0.01]	Scores: [-0.01, 0.00]
INFO: Episode: 498	Avg Scores: [0.01, -0.01]	Scores: [0.00, -0.01]
INFO: Episode: 499	Avg Scores: [0.01, -0.01]	Scores: [0.00, -0.01]
INFO: Episode: 500	Avg Scores: [0.01, -0.01]	Scores: [0.00, -0.01]
INFO: Episode: 501	Avg Scores: [0.01, -0.01]	Scores: [-0.01, 0.00]
INFO: Episode: 502	Avg Scores: [0.01, -0.01]	Scores: [-0.01, 0.00]
INFO: Episode: 503	Avg Scores: [0.01, -0.01]	Scores: [0.00, -0.01]
INFO: Episode: 504	Avg Scores: [0.01, -0.01]	Scores: [0.00, -0.01]
INFO: Episode: 505	Avg Scores: [0.01, -0.01]	Scores: [-0.01, 0.00]
INFO: Episode: 506	Avg Scores: [0.01, -0.01]	Scores: [0.00, -0.01]
INFO: Episode: 507	Avg Scores: [0.01, -0.01]	Scores: [-0.01, 0.00]
INFO: Episode: 508	Avg Scores: [0.01, -0.01]	Scores: [0.00, -0.01]
INFO: Episode: 509	Avg Scores: [0.01, -0.01]	Scores: [0.00, -0.01]
INFO: Episode: 510	Avg Scores: [0.01, -0.01]	Scores: [-0.01, 0.00]
INFO: Episode: 511	Avg Scores: [0.01, -0.01]	Scores: [0.00, -0.01]
INFO: Episode: 512	Avg Scores: [0.01, -0.01]	Scores: [-0.01, 0.00]
INFO: Episode: 513	Avg Scores: [0.01, -0.01]	Scores: [0.00, -0.01]
INFO: Episode: 514	Avg Scores: [0.01, -0.01]	Scores: [0.00, -0.01]
INFO: Episode: 515	Avg Scores: [0.01, -0.01]	Scores: [-0.01, 0.00]
INFO: Episode: 516	Avg Scores: [0.01, -0.01]	Scores: [0.00, -0.01]
INFO: Episode: 517	Avg Scores: [0.01, -0.01]	Scores: [0.00, -0.01]
INFO: Episode: 518	Avg Scores: [0.01, -0.01]	Scores: [-0.01, 0.00]
INFO: Episode: 519	Avg Scores: [0.01, -0.01]	Scores: [-0.01, 0.00]
INFO: Episode: 520	Avg Scores: [0.01, -0.01]	Scores: [-0.01, 0.00]
INFO: Episode: 521	Avg Scores: [0.01, -0.01]	Scores: [0.00, -0.01]
INFO: Episode: 522	Avg Scores: [0.01, -0.01]	Scores: [0.00, -0.01]
INFO: Episode: 523	Avg Scores: [0.01, -0.01]	Scores: [0.00, -0.01]
INFO: Episode: 524	Avg Scores: [0.01, -0.01]	Scores: [0.00, -0.01]
INFO: Episode: 525	Avg Scores: [0.01, -0.01]	Scores: [-0.01, 0.00]
INFO: Episode: 526	Avg Scores: [0.01, -0.01]	Scores: [0.00, -0.01]
INFO: Episode: 527	Avg Scores: [0.01, -0.01]	Scores: [0.00, -0.01]
INFO: Episode: 528	Avg Scores: [0.01, -0.01]	Scores: [0.00, -0.01]
INFO: Episode: 529	Avg Scores: [0.01, -0.01]	Scores: [0.10, -0.01]
INFO: Episode: 530	Avg Scores: [0.01, -0.01]	Scores: [0.10, -0.01]
INFO: Episode: 531	Avg Scores: [0.01, -0.01]	Scores: [0.00, -0.01]
INFO: Episode: 532	Avg Scores: [0.01, -0.01]	Scores: [0.00, -0.01]
INFO: Episode: 533	Avg Scores: [0.01, -0.01]	Scores: [0.00, -0.01]
INFO: Episode: 534	Avg Scores: [0.01, -0.01]	Scores: [0.10, -0.01]
INFO: Episode: 535	Avg Scores: [0.02, -0.01]	Scores: [0.10, -0.02]
INFO: Episode: 536	Avg Scores: [0.02, -0.01]	Scores: [0.10, -0.01]
INFO: Episode: 537	Avg Scores: [0.02, -0.01]	Scores: [0.00, -0.01]
INFO: Episode: 538	Avg Scores: [0.02, -0.01]	Scores: [0.00, -0.01]
INFO: Episode: 539	Avg Scores: [0.02, -0.01]	Scores: [0.10, -0.01]
INFO: Episode: 540	Avg Scores: [0.02, -0.01]	Scores: [0.10, -0.01]
INFO: Episode: 541	Avg Scores: [0.02, -0.01]	Scores: [0.00, -0.01]
INFO: Episode: 542	Avg Scores: [0.02, -0.01]	Scores: [0.10, -0.01]
INFO: Episode: 543	Avg Scores: [0.02, -0.01]	Scores: [0.00, -0.01]
INFO: Episode: 544	Avg Scores: [0.02, -0.01]	Scores: [0.10, -0.01]
INFO: Episode: 545	Avg Scores: [0.02, -0.01]	Scores: [0.10, 0.09]
INFO: Episode: 546	Avg Scores: [0.02, -0.01]	Scores: [0.10, -0.01]
INFO: Episode: 547	Avg Scores: [0.02, -0.01]	Scores: [0.00, -0.01]
INFO: Episode: 548	Avg Scores: [0.02, -0.01]	Scores: [0.00, -0.01]
INFO: Episode: 549	Avg Scores: [0.02, -0.01]	Scores: [-0.01, 0.00]
INFO: Episode: 550	Avg Scores: [0.02, -0.01]	Scores: [0.10, -0.01]
INFO: Episode: 551	Avg Scores: [0.02, -0.01]	Scores: [0.10, -0.01]
INFO: Episode: 552	Avg Scores: [0.02, -0.01]	Scores: [0.00, -0.01]
INFO: Episode: 553	Avg Scores: [0.02, -0.01]	Scores: [0.10, -0.02]
INFO: Episode: 554	Avg Scores: [0.02, -0.01]	Scores: [0.00, -0.01]
INFO: Episode: 555	Avg Scores: [0.02, -0.01]	Scores: [0.10, -0.01]
INFO: Episode: 556	Avg Scores: [0.02, -0.01]	Scores: [-0.01, 0.00]
INFO: Episode: 557	Avg Scores: [0.02, -0.01]	Scores: [0.10, -0.01]
INFO: Episode: 558	Avg Scores: [0.02, -0.01]	Scores: [0.00, -0.01]
INFO: Episode: 559	Avg Scores: [0.02, -0.01]	Scores: [0.00, 0.09]
INFO: Episode: 560	Avg Scores: [0.02, -0.00]	Scores: [-0.01, 0.10]
INFO: Episode: 561	Avg Scores: [0.02, -0.00]	Scores: [0.10, 0.09]
INFO: Episode: 562	Avg Scores: [0.02, -0.00]	Scores: [0.10, -0.01]
INFO: Episode: 563	Avg Scores: [0.02, -0.00]	Scores: [0.10, -0.01]
INFO: Episode: 564	Avg Scores: [0.02, -0.00]	Scores: [0.00, -0.01]
INFO: Episode: 565	Avg Scores: [0.02, -0.00]	Scores: [0.10, -0.01]
INFO: Episode: 566	Avg Scores: [0.02, -0.00]	Scores: [0.10, 0.09]
INFO: Episode: 567	Avg Scores: [0.02, -0.00]	Scores: [0.10, -0.01]
INFO: Episode: 568	Avg Scores: [0.02, -0.00]	Scores: [0.00, 0.09]
INFO: Episode: 569	Avg Scores: [0.02, -0.00]	Scores: [0.00, 0.09]
INFO: Episode: 570	Avg Scores: [0.02, -0.00]	Scores: [0.10, -0.01]
INFO: Episode: 571	Avg Scores: [0.02, -0.00]	Scores: [0.10, 0.09]
INFO: Episode: 572	Avg Scores: [0.02, 0.00]	Scores: [0.00, 0.09]
INFO: Episode: 573	Avg Scores: [0.03, 0.00]	Scores: [0.10, -0.02]
INFO: Episode: 574	Avg Scores: [0.03, 0.00]	Scores: [0.00, 0.09]
INFO: Episode: 575	Avg Scores: [0.03, 0.00]	Scores: [0.00, 0.09]
INFO: Episode: 576	Avg Scores: [0.03, 0.00]	Scores: [0.10, -0.01]
INFO: Episode: 577	Avg Scores: [0.03, 0.00]	Scores: [0.00, 0.09]
INFO: Episode: 578	Avg Scores: [0.03, 0.00]	Scores: [0.10, -0.01]
INFO: Episode: 579	Avg Scores: [0.03, 0.00]	Scores: [0.00, 0.09]
INFO: Episode: 580	Avg Scores: [0.03, 0.00]	Scores: [0.10, -0.01]
INFO: Episode: 581	Avg Scores: [0.03, 0.00]	Scores: [0.10, -0.01]
INFO: Episode: 582	Avg Scores: [0.03, 0.00]	Scores: [0.00, -0.01]
INFO: Episode: 583	Avg Scores: [0.03, 0.00]	Scores: [0.10, -0.01]
INFO: Episode: 584	Avg Scores: [0.03, 0.00]	Scores: [0.00, -0.01]
INFO: Episode: 585	Avg Scores: [0.03, 0.00]	Scores: [0.00, -0.01]
INFO: Episode: 586	Avg Scores: [0.03, 0.01]	Scores: [0.09, 0.10]
INFO: Episode: 587	Avg Scores: [0.03, 0.01]	Scores: [0.10, -0.01]
INFO: Episode: 588	Avg Scores: [0.03, 0.01]	Scores: [0.00, 0.09]
INFO: Episode: 589	Avg Scores: [0.03, 0.01]	Scores: [-0.01, 0.10]
INFO: Episode: 590	Avg Scores: [0.03, 0.01]	Scores: [0.00, 0.09]
INFO: Episode: 591	Avg Scores: [0.03, 0.01]	Scores: [0.10, -0.01]
INFO: Episode: 592	Avg Scores: [0.03, 0.01]	Scores: [0.00, 0.09]
INFO: Episode: 593	Avg Scores: [0.03, 0.01]	Scores: [0.10, -0.01]
INFO: Episode: 594	Avg Scores: [0.03, 0.01]	Scores: [0.00, -0.01]
INFO: Episode: 595	Avg Scores: [0.03, 0.01]	Scores: [0.10, -0.01]
INFO: Episode: 596	Avg Scores: [0.03, 0.01]	Scores: [0.00, -0.01]
INFO: Episode: 597	Avg Scores: [0.03, 0.01]	Scores: [0.00, -0.01]
INFO: Episode: 598	Avg Scores: [0.03, 0.01]	Scores: [0.00, -0.01]
INFO: Episode: 599	Avg Scores: [0.03, 0.01]	Scores: [0.00, -0.01]
INFO: Episode: 600	Avg Scores: [0.03, 0.01]	Scores: [0.10, 0.09]
INFO: Episode: 601	Avg Scores: [0.04, 0.01]	Scores: [0.09, 0.10]
INFO: Episode: 602	Avg Scores: [0.04, 0.01]	Scores: [0.00, -0.01]
INFO: Episode: 603	Avg Scores: [0.04, 0.01]	Scores: [0.00, -0.01]
INFO: Episode: 604	Avg Scores: [0.04, 0.01]	Scores: [0.00, -0.01]
INFO: Episode: 605	Avg Scores: [0.04, 0.01]	Scores: [0.20, 0.09]
INFO: Episode: 606	Avg Scores: [0.04, 0.01]	Scores: [0.10, 0.09]
INFO: Episode: 607	Avg Scores: [0.04, 0.01]	Scores: [0.10, -0.01]
INFO: Episode: 608	Avg Scores: [0.04, 0.01]	Scores: [-0.01, 0.10]
INFO: Episode: 609	Avg Scores: [0.04, 0.01]	Scores: [0.00, -0.01]
INFO: Episode: 610	Avg Scores: [0.04, 0.01]	Scores: [0.00, -0.01]
INFO: Episode: 611	Avg Scores: [0.04, 0.01]	Scores: [0.00, -0.01]
INFO: Episode: 612	Avg Scores: [0.04, 0.01]	Scores: [0.00, -0.01]
INFO: Episode: 613	Avg Scores: [0.04, 0.01]	Scores: [0.10, 0.09]
INFO: Episode: 614	Avg Scores: [0.04, 0.02]	Scores: [-0.01, 0.00]
INFO: Episode: 615	Avg Scores: [0.04, 0.01]	Scores: [0.00, -0.01]
INFO: Episode: 616	Avg Scores: [0.04, 0.01]	Scores: [0.10, -0.01]
INFO: Episode: 617	Avg Scores: [0.04, 0.01]	Scores: [0.00, -0.01]
INFO: Episode: 618	Avg Scores: [0.04, 0.01]	Scores: [0.00, -0.01]
INFO: Episode: 619	Avg Scores: [0.04, 0.01]	Scores: [0.00, -0.01]
INFO: Episode: 620	Avg Scores: [0.04, 0.02]	Scores: [0.10, 0.09]
INFO: Episode: 621	Avg Scores: [0.04, 0.02]	Scores: [0.09, 0.10]
INFO: Episode: 622	Avg Scores: [0.04, 0.02]	Scores: [0.00, -0.01]
INFO: Episode: 623	Avg Scores: [0.04, 0.02]	Scores: [0.00, -0.01]
INFO: Episode: 624	Avg Scores: [0.04, 0.02]	Scores: [0.00, -0.01]
INFO: Episode: 625	Avg Scores: [0.05, 0.02]	Scores: [0.10, -0.01]
INFO: Episode: 626	Avg Scores: [0.05, 0.02]	Scores: [0.00, -0.01]
INFO: Episode: 627	Avg Scores: [0.05, 0.02]	Scores: [0.00, -0.01]
INFO: Episode: 628	Avg Scores: [0.05, 0.02]	Scores: [0.00, -0.01]
INFO: Episode: 629	Avg Scores: [0.04, 0.02]	Scores: [0.00, -0.01]
INFO: Episode: 630	Avg Scores: [0.04, 0.02]	Scores: [0.00, -0.01]
INFO: Episode: 631	Avg Scores: [0.05, 0.02]	Scores: [0.20, 0.09]
INFO: Episode: 632	Avg Scores: [0.05, 0.02]	Scores: [0.10, -0.01]
INFO: Episode: 633	Avg Scores: [0.05, 0.02]	Scores: [0.00, -0.01]
INFO: Episode: 634	Avg Scores: [0.05, 0.02]	Scores: [0.09, 0.10]
INFO: Episode: 635	Avg Scores: [0.05, 0.02]	Scores: [0.00, -0.01]
INFO: Episode: 636	Avg Scores: [0.04, 0.02]	Scores: [0.00, -0.01]
INFO: Episode: 637	Avg Scores: [0.05, 0.02]	Scores: [0.10, -0.01]
INFO: Episode: 638	Avg Scores: [0.05, 0.02]	Scores: [0.00, -0.01]
INFO: Episode: 639	Avg Scores: [0.04, 0.02]	Scores: [0.09, 0.10]
INFO: Episode: 640	Avg Scores: [0.04, 0.02]	Scores: [0.00, -0.01]
INFO: Episode: 641	Avg Scores: [0.04, 0.02]	Scores: [0.10, 0.09]
INFO: Episode: 642	Avg Scores: [0.04, 0.02]	Scores: [-0.01, 0.00]
INFO: Episode: 643	Avg Scores: [0.04, 0.02]	Scores: [0.00, -0.01]
INFO: Episode: 644	Avg Scores: [0.04, 0.02]	Scores: [0.20, 0.09]
INFO: Episode: 645	Avg Scores: [0.04, 0.02]	Scores: [0.10, -0.01]
INFO: Episode: 646	Avg Scores: [0.04, 0.02]	Scores: [-0.01, 0.00]
INFO: Episode: 647	Avg Scores: [0.04, 0.02]	Scores: [-0.01, 0.10]
INFO: Episode: 648	Avg Scores: [0.04, 0.02]	Scores: [0.10, -0.01]
INFO: Episode: 649	Avg Scores: [0.05, 0.02]	Scores: [0.09, 0.10]
INFO: Episode: 650	Avg Scores: [0.05, 0.02]	Scores: [0.10, -0.01]
INFO: Episode: 651	Avg Scores: [0.04, 0.02]	Scores: [-0.01, 0.10]
INFO: Episode: 652	Avg Scores: [0.05, 0.03]	Scores: [0.09, 0.10]
INFO: Episode: 653	Avg Scores: [0.04, 0.03]	Scores: [-0.01, 0.10]
INFO: Episode: 654	Avg Scores: [0.04, 0.03]	Scores: [0.00, -0.01]
INFO: Episode: 655	Avg Scores: [0.04, 0.03]	Scores: [-0.01, 0.10]
INFO: Episode: 656	Avg Scores: [0.04, 0.03]	Scores: [-0.01, 0.10]
INFO: Episode: 657	Avg Scores: [0.05, 0.03]	Scores: [0.30, 0.29]
INFO: Episode: 658	Avg Scores: [0.05, 0.03]	Scores: [0.10, -0.01]
INFO: Episode: 659	Avg Scores: [0.05, 0.03]	Scores: [0.10, -0.01]
INFO: Episode: 660	Avg Scores: [0.05, 0.03]	Scores: [0.10, -0.01]
INFO: Episode: 661	Avg Scores: [0.05, 0.03]	Scores: [0.00, -0.01]
INFO: Episode: 662	Avg Scores: [0.05, 0.03]	Scores: [0.20, 0.19]
INFO: Episode: 663	Avg Scores: [0.05, 0.03]	Scores: [0.10, -0.01]
INFO: Episode: 664	Avg Scores: [0.05, 0.03]	Scores: [0.00, -0.01]
INFO: Episode: 665	Avg Scores: [0.05, 0.03]	Scores: [0.00, -0.01]
INFO: Episode: 666	Avg Scores: [0.05, 0.03]	Scores: [0.10, 0.09]
INFO: Episode: 667	Avg Scores: [0.05, 0.03]	Scores: [0.20, -0.01]
INFO: Episode: 668	Avg Scores: [0.05, 0.03]	Scores: [-0.01, 0.10]
INFO: Episode: 669	Avg Scores: [0.05, 0.03]	Scores: [0.10, -0.01]
INFO: Episode: 670	Avg Scores: [0.05, 0.03]	Scores: [0.00, -0.01]
INFO: Episode: 671	Avg Scores: [0.05, 0.03]	Scores: [0.10, -0.01]
INFO: Episode: 672	Avg Scores: [0.05, 0.03]	Scores: [0.10, -0.01]
INFO: Episode: 673	Avg Scores: [0.05, 0.03]	Scores: [0.00, -0.01]
INFO: Episode: 674	Avg Scores: [0.05, 0.03]	Scores: [0.10, 0.09]
INFO: Episode: 675	Avg Scores: [0.05, 0.03]	Scores: [0.00, -0.01]
INFO: Episode: 676	Avg Scores: [0.05, 0.03]	Scores: [0.09, 0.10]
INFO: Episode: 677	Avg Scores: [0.05, 0.03]	Scores: [-0.01, 0.00]
INFO: Episode: 678	Avg Scores: [0.05, 0.03]	Scores: [0.19, 0.20]
INFO: Episode: 679	Avg Scores: [0.05, 0.03]	Scores: [0.20, 0.19]
INFO: Episode: 680	Avg Scores: [0.05, 0.03]	Scores: [0.00, -0.01]
INFO: Episode: 681	Avg Scores: [0.05, 0.03]	Scores: [-0.01, 0.10]
INFO: Episode: 682	Avg Scores: [0.05, 0.03]	Scores: [0.10, -0.01]
INFO: Episode: 683	Avg Scores: [0.05, 0.03]	Scores: [0.20, 0.19]
INFO: Episode: 684	Avg Scores: [0.05, 0.03]	Scores: [0.10, -0.01]
INFO: Episode: 685	Avg Scores: [0.05, 0.04]	Scores: [0.20, 0.19]
INFO: Episode: 686	Avg Scores: [0.06, 0.04]	Scores: [0.20, 0.09]
INFO: Episode: 687	Avg Scores: [0.06, 0.04]	Scores: [0.10, -0.01]
INFO: Episode: 688	Avg Scores: [0.06, 0.04]	Scores: [0.10, 0.19]
INFO: Episode: 689	Avg Scores: [0.06, 0.04]	Scores: [0.09, 0.10]
INFO: Episode: 690	Avg Scores: [0.06, 0.04]	Scores: [0.10, -0.01]
INFO: Episode: 691	Avg Scores: [0.06, 0.04]	Scores: [-0.01, 0.10]
INFO: Episode: 692	Avg Scores: [0.06, 0.04]	Scores: [0.09, 0.10]
INFO: Episode: 693	Avg Scores: [0.06, 0.04]	Scores: [0.09, 0.20]
INFO: Episode: 694	Avg Scores: [0.06, 0.04]	Scores: [0.20, 0.09]
INFO: Episode: 695	Avg Scores: [0.06, 0.04]	Scores: [0.10, 0.19]
INFO: Episode: 696	Avg Scores: [0.06, 0.04]	Scores: [0.10, -0.01]
INFO: Episode: 697	Avg Scores: [0.06, 0.04]	Scores: [-0.01, 0.10]
INFO: Episode: 698	Avg Scores: [0.06, 0.04]	Scores: [0.10, -0.01]
INFO: Episode: 699	Avg Scores: [0.06, 0.04]	Scores: [-0.01, 0.10]
INFO: Episode: 700	Avg Scores: [0.06, 0.04]	Scores: [0.10, -0.01]
INFO: Episode: 701	Avg Scores: [0.06, 0.04]	Scores: [-0.01, 0.10]
INFO: Episode: 702	Avg Scores: [0.06, 0.04]	Scores: [0.20, 0.09]
INFO: Episode: 703	Avg Scores: [0.06, 0.04]	Scores: [0.10, -0.01]
INFO: Episode: 704	Avg Scores: [0.06, 0.04]	Scores: [-0.01, 0.10]
INFO: Episode: 705	Avg Scores: [0.06, 0.04]	Scores: [0.09, 0.10]
INFO: Episode: 706	Avg Scores: [0.06, 0.04]	Scores: [0.10, -0.01]
INFO: Episode: 707	Avg Scores: [0.06, 0.04]	Scores: [0.10, -0.01]
INFO: Episode: 708	Avg Scores: [0.06, 0.04]	Scores: [0.09, 0.10]
INFO: Episode: 709	Avg Scores: [0.07, 0.05]	Scores: [0.20, 0.19]
INFO: Episode: 710	Avg Scores: [0.07, 0.05]	Scores: [0.10, 0.09]
INFO: Episode: 711	Avg Scores: [0.07, 0.05]	Scores: [0.10, 0.09]
INFO: Episode: 712	Avg Scores: [0.07, 0.05]	Scores: [0.10, 0.09]
INFO: Episode: 713	Avg Scores: [0.07, 0.05]	Scores: [0.40, 0.39]
INFO: Episode: 714	Avg Scores: [0.07, 0.05]	Scores: [-0.01, 0.10]
INFO: Episode: 715	Avg Scores: [0.08, 0.06]	Scores: [0.50, 0.49]
INFO: Episode: 716	Avg Scores: [0.08, 0.06]	Scores: [-0.01, 0.00]
INFO: Episode: 717	Avg Scores: [0.08, 0.06]	Scores: [0.20, 0.19]
INFO: Episode: 718	Avg Scores: [0.08, 0.06]	Scores: [0.40, 0.29]
INFO: Episode: 719	Avg Scores: [0.08, 0.06]	Scores: [-0.01, 0.00]
INFO: Episode: 720	Avg Scores: [0.08, 0.06]	Scores: [-0.01, 0.00]
INFO: Episode: 721	Avg Scores: [0.08, 0.06]	Scores: [0.10, 0.09]
INFO: Episode: 722	Avg Scores: [0.08, 0.06]	Scores: [0.10, -0.01]
INFO: Episode: 723	Avg Scores: [0.08, 0.06]	Scores: [0.10, -0.01]
INFO: Episode: 724	Avg Scores: [0.09, 0.06]	Scores: [0.20, 0.19]
INFO: Episode: 725	Avg Scores: [0.09, 0.06]	Scores: [0.10, -0.01]
INFO: Episode: 726	Avg Scores: [0.09, 0.06]	Scores: [0.10, -0.01]
INFO: Episode: 727	Avg Scores: [0.09, 0.07]	Scores: [0.10, 0.09]
INFO: Episode: 728	Avg Scores: [0.09, 0.07]	Scores: [-0.01, 0.00]
INFO: Episode: 729	Avg Scores: [0.09, 0.07]	Scores: [-0.01, 0.00]
INFO: Episode: 730	Avg Scores: [0.09, 0.07]	Scores: [0.20, 0.19]
INFO: Episode: 731	Avg Scores: [0.09, 0.07]	Scores: [-0.01, 0.00]
INFO: Episode: 732	Avg Scores: [0.09, 0.07]	Scores: [-0.01, 0.00]
INFO: Episode: 733	Avg Scores: [0.09, 0.07]	Scores: [0.00, -0.01]
INFO: Episode: 734	Avg Scores: [0.08, 0.07]	Scores: [0.00, -0.01]
INFO: Episode: 735	Avg Scores: [0.09, 0.07]	Scores: [0.20, 0.08]
INFO: Episode: 736	Avg Scores: [0.09, 0.07]	Scores: [0.10, -0.01]
INFO: Episode: 737	Avg Scores: [0.09, 0.07]	Scores: [0.10, -0.01]
INFO: Episode: 738	Avg Scores: [0.09, 0.07]	Scores: [0.10, -0.01]
INFO: Episode: 739	Avg Scores: [0.09, 0.07]	Scores: [0.20, 0.09]
INFO: Episode: 740	Avg Scores: [0.09, 0.07]	Scores: [0.00, -0.01]
INFO: Episode: 741	Avg Scores: [0.09, 0.07]	Scores: [0.10, -0.01]
INFO: Episode: 742	Avg Scores: [0.09, 0.07]	Scores: [0.00, -0.01]
INFO: Episode: 743	Avg Scores: [0.09, 0.07]	Scores: [0.10, -0.01]
INFO: Episode: 744	Avg Scores: [0.09, 0.06]	Scores: [0.00, -0.01]
INFO: Episode: 745	Avg Scores: [0.09, 0.06]	Scores: [-0.01, 0.00]
INFO: Episode: 746	Avg Scores: [0.09, 0.06]	Scores: [0.10, -0.01]
INFO: Episode: 747	Avg Scores: [0.09, 0.06]	Scores: [0.10, -0.01]
INFO: Episode: 748	Avg Scores: [0.09, 0.06]	Scores: [0.10, -0.01]
INFO: Episode: 749	Avg Scores: [0.09, 0.06]	Scores: [0.00, -0.01]
INFO: Episode: 750	Avg Scores: [0.09, 0.06]	Scores: [0.10, -0.01]
INFO: Episode: 751	Avg Scores: [0.09, 0.06]	Scores: [0.10, -0.01]
INFO: Episode: 752	Avg Scores: [0.09, 0.06]	Scores: [0.10, -0.01]
INFO: Episode: 753	Avg Scores: [0.09, 0.06]	Scores: [0.09, 0.20]
INFO: Episode: 754	Avg Scores: [0.09, 0.06]	Scores: [0.10, -0.01]
INFO: Episode: 755	Avg Scores: [0.09, 0.06]	Scores: [0.19, 0.30]
INFO: Episode: 756	Avg Scores: [0.10, 0.06]	Scores: [0.10, -0.01]
INFO: Episode: 757	Avg Scores: [0.09, 0.06]	Scores: [0.10, -0.01]
INFO: Episode: 758	Avg Scores: [0.09, 0.06]	Scores: [0.00, -0.01]
INFO: Episode: 759	Avg Scores: [0.09, 0.06]	Scores: [-0.01, 0.10]
INFO: Episode: 760	Avg Scores: [0.09, 0.06]	Scores: [0.09, 0.10]
INFO: Episode: 761	Avg Scores: [0.09, 0.06]	Scores: [0.10, -0.01]
INFO: Episode: 762	Avg Scores: [0.09, 0.06]	Scores: [-0.01, 0.10]
INFO: Episode: 763	Avg Scores: [0.09, 0.06]	Scores: [0.00, 0.09]
INFO: Episode: 764	Avg Scores: [0.09, 0.06]	Scores: [0.10, -0.01]
INFO: Episode: 765	Avg Scores: [0.09, 0.06]	Scores: [0.29, 0.40]
INFO: Episode: 766	Avg Scores: [0.09, 0.07]	Scores: [0.09, 0.20]
INFO: Episode: 767	Avg Scores: [0.09, 0.07]	Scores: [-0.01, 0.00]
INFO: Episode: 768	Avg Scores: [0.09, 0.07]	Scores: [0.00, 0.09]
INFO: Episode: 769	Avg Scores: [0.09, 0.07]	Scores: [-0.01, 0.10]
INFO: Episode: 770	Avg Scores: [0.09, 0.07]	Scores: [0.10, -0.01]
INFO: Episode: 771	Avg Scores: [0.09, 0.07]	Scores: [0.10, -0.01]
INFO: Episode: 772	Avg Scores: [0.09, 0.07]	Scores: [-0.01, 0.10]
INFO: Episode: 773	Avg Scores: [0.09, 0.07]	Scores: [0.20, 0.19]
INFO: Episode: 774	Avg Scores: [0.09, 0.07]	Scores: [0.19, 0.20]
INFO: Episode: 775	Avg Scores: [0.09, 0.07]	Scores: [0.09, 0.10]
INFO: Episode: 776	Avg Scores: [0.09, 0.07]	Scores: [0.10, -0.01]
INFO: Episode: 777	Avg Scores: [0.09, 0.07]	Scores: [-0.01, 0.00]
INFO: Episode: 778	Avg Scores: [0.09, 0.07]	Scores: [0.10, -0.01]
INFO: Episode: 779	Avg Scores: [0.09, 0.07]	Scores: [-0.01, 0.00]
INFO: Episode: 780	Avg Scores: [0.09, 0.07]	Scores: [-0.01, 0.10]
INFO: Episode: 781	Avg Scores: [0.09, 0.07]	Scores: [-0.01, 0.10]
INFO: Episode: 782	Avg Scores: [0.09, 0.07]	Scores: [0.00, 0.09]
INFO: Episode: 783	Avg Scores: [0.09, 0.07]	Scores: [-0.01, 0.10]
INFO: Episode: 784	Avg Scores: [0.09, 0.07]	Scores: [0.39, 0.40]
INFO: Episode: 785	Avg Scores: [0.09, 0.07]	Scores: [-0.01, 0.00]
INFO: Episode: 786	Avg Scores: [0.09, 0.07]	Scores: [0.10, 0.19]
INFO: Episode: 787	Avg Scores: [0.09, 0.07]	Scores: [0.10, 0.19]
INFO: Episode: 788	Avg Scores: [0.09, 0.07]	Scores: [0.30, 0.29]
INFO: Episode: 789	Avg Scores: [0.09, 0.08]	Scores: [0.20, 0.29]
INFO: Episode: 790	Avg Scores: [0.09, 0.08]	Scores: [0.10, 0.09]
INFO: Episode: 791	Avg Scores: [0.09, 0.08]	Scores: [0.20, 0.19]
INFO: Episode: 792	Avg Scores: [0.09, 0.08]	Scores: [-0.01, 0.10]
INFO: Episode: 793	Avg Scores: [0.09, 0.08]	Scores: [0.00, -0.01]
INFO: Episode: 794	Avg Scores: [0.09, 0.08]	Scores: [0.29, 0.30]
INFO: Episode: 795	Avg Scores: [0.10, 0.08]	Scores: [0.50, 0.49]
INFO: Episode: 796	Avg Scores: [0.09, 0.08]	Scores: [-0.01, 0.10]
INFO: Episode: 797	Avg Scores: [0.10, 0.08]	Scores: [0.19, 0.30]
INFO: Episode: 798	Avg Scores: [0.10, 0.09]	Scores: [0.39, 0.40]
INFO: Episode: 799	Avg Scores: [0.11, 0.09]	Scores: [0.60, 0.59]
INFO: Episode: 800	Avg Scores: [0.10, 0.09]	Scores: [-0.01, 0.10]
INFO: Episode: 801	Avg Scores: [0.11, 0.10]	Scores: [0.29, 0.30]
INFO: Episode: 802	Avg Scores: [0.11, 0.10]	Scores: [0.19, 0.20]
INFO: Episode: 803	Avg Scores: [0.11, 0.10]	Scores: [0.49, 0.60]
INFO: Episode: 804	Avg Scores: [0.11, 0.11]	Scores: [0.30, 0.29]
INFO: Episode: 805	Avg Scores: [0.12, 0.11]	Scores: [0.20, 0.09]
INFO: Episode: 806	Avg Scores: [0.12, 0.11]	Scores: [0.29, 0.30]
INFO: Episode: 807	Avg Scores: [0.12, 0.11]	Scores: [0.20, 0.19]
INFO: Episode: 808	Avg Scores: [0.12, 0.11]	Scores: [0.30, 0.29]
INFO: Episode: 809	Avg Scores: [0.12, 0.11]	Scores: [0.10, 0.09]
INFO: Episode: 810	Avg Scores: [0.12, 0.11]	Scores: [0.10, 0.09]
INFO: Episode: 811	Avg Scores: [0.12, 0.11]	Scores: [0.40, 0.29]
INFO: Episode: 812	Avg Scores: [0.12, 0.11]	Scores: [0.10, 0.09]
INFO: Episode: 813	Avg Scores: [0.12, 0.11]	Scores: [0.10, 0.09]
INFO: Episode: 814	Avg Scores: [0.12, 0.11]	Scores: [0.19, 0.20]
INFO: Episode: 815	Avg Scores: [0.12, 0.11]	Scores: [0.29, 0.30]
INFO: Episode: 816	Avg Scores: [0.12, 0.11]	Scores: [0.09, 0.10]
INFO: Episode: 817	Avg Scores: [0.12, 0.11]	Scores: [0.50, 0.39]
INFO: Episode: 818	Avg Scores: [0.12, 0.11]	Scores: [0.20, 0.09]
INFO: Episode: 819	Avg Scores: [0.12, 0.11]	Scores: [0.20, 0.19]
INFO: Episode: 820	Avg Scores: [0.13, 0.11]	Scores: [0.20, 0.09]
INFO: Episode: 821	Avg Scores: [0.13, 0.12]	Scores: [0.29, 0.30]
INFO: Episode: 822	Avg Scores: [0.13, 0.12]	Scores: [0.30, 0.19]
INFO: Episode: 823	Avg Scores: [0.13, 0.12]	Scores: [0.20, 0.09]
INFO: Episode: 824	Avg Scores: [0.13, 0.12]	Scores: [0.10, -0.01]
INFO: Episode: 825	Avg Scores: [0.13, 0.12]	Scores: [0.10, 0.09]
INFO: Episode: 826	Avg Scores: [0.13, 0.12]	Scores: [0.10, 0.09]
INFO: Episode: 827	Avg Scores: [0.13, 0.12]	Scores: [0.10, -0.01]
INFO: Episode: 828	Avg Scores: [0.13, 0.12]	Scores: [0.20, 0.09]
INFO: Episode: 829	Avg Scores: [0.13, 0.12]	Scores: [0.30, 0.39]
INFO: Episode: 830	Avg Scores: [0.14, 0.13]	Scores: [1.00, 0.99]
INFO: Episode: 831	Avg Scores: [0.14, 0.13]	Scores: [0.10, 0.09]
INFO: Episode: 832	Avg Scores: [0.15, 0.14]	Scores: [0.70, 0.59]
INFO: Episode: 833	Avg Scores: [0.15, 0.14]	Scores: [0.10, 0.09]
INFO: Episode: 834	Avg Scores: [0.15, 0.14]	Scores: [0.29, 0.30]
INFO: Episode: 835	Avg Scores: [0.17, 0.15]	Scores: [1.39, 1.40]
INFO: Episode: 836	Avg Scores: [0.17, 0.16]	Scores: [0.79, 0.90]
INFO: Episode: 837	Avg Scores: [0.17, 0.16]	Scores: [0.20, 0.09]
INFO: Episode: 838	Avg Scores: [0.18, 0.17]	Scores: [0.49, 0.60]
INFO: Episode: 839	Avg Scores: [0.20, 0.20]	Scores: [2.50, 2.60]
INFO: Episode: 840	Avg Scores: [0.23, 0.22]	Scores: [2.60, 2.60]
INFO: Episode: 841	Avg Scores: [0.25, 0.25]	Scores: [2.50, 2.50]
INFO: Episode: 842	Avg Scores: [0.26, 0.25]	Scores: [0.59, 0.60]
INFO: Episode: 843	Avg Scores: [0.26, 0.26]	Scores: [0.60, 0.49]
INFO: Episode: 844	Avg Scores: [0.27, 0.27]	Scores: [0.59, 0.70]
INFO: Episode: 845	Avg Scores: [0.29, 0.28]	Scores: [1.79, 1.80]
INFO: Episode: 846	Avg Scores: [0.29, 0.29]	Scores: [0.19, 0.20]
INFO: Episode: 847	Avg Scores: [0.29, 0.29]	Scores: [0.19, 0.20]
INFO: Episode: 848	Avg Scores: [0.29, 0.29]	Scores: [0.19, 0.20]
INFO: Episode: 849	Avg Scores: [0.30, 0.30]	Scores: [1.10, 1.09]
INFO: Episode: 850	Avg Scores: [0.30, 0.31]	Scores: [0.60, 0.59]
INFO: Episode: 851	Avg Scores: [0.31, 0.32]	Scores: [0.89, 0.90]
INFO: Episode: 852	Avg Scores: [0.32, 0.32]	Scores: [0.49, 0.50]
INFO: Episode: 853	Avg Scores: [0.32, 0.32]	Scores: [0.19, 0.30]
INFO: Episode: 854	Avg Scores: [0.32, 0.33]	Scores: [0.60, 0.59]
INFO: Episode: 855	Avg Scores: [0.32, 0.33]	Scores: [0.09, 0.10]
INFO: Episode: 856	Avg Scores: [0.32, 0.33]	Scores: [0.09, 0.20]
INFO: Episode: 857	Avg Scores: [0.32, 0.33]	Scores: [0.20, 0.19]
INFO: Episode: 858	Avg Scores: [0.32, 0.33]	Scores: [0.10, 0.09]
INFO: Episode: 859	Avg Scores: [0.32, 0.33]	Scores: [0.10, 0.09]
INFO: Episode: 860	Avg Scores: [0.33, 0.33]	Scores: [0.20, 0.19]
INFO: Episode: 861	Avg Scores: [0.33, 0.33]	Scores: [0.09, 0.10]
INFO: Episode: 862	Avg Scores: [0.33, 0.33]	Scores: [0.09, 0.20]
INFO: Episode: 863	Avg Scores: [0.33, 0.34]	Scores: [0.50, 0.39]
INFO: Episode: 864	Avg Scores: [0.33, 0.34]	Scores: [0.09, 0.10]
INFO: Episode: 865	Avg Scores: [0.33, 0.34]	Scores: [0.19, 0.20]
INFO: Episode: 866	Avg Scores: [0.33, 0.34]	Scores: [0.50, 0.39]
INFO: Episode: 867	Avg Scores: [0.34, 0.35]	Scores: [0.79, 0.80]
INFO: Episode: 868	Avg Scores: [0.34, 0.35]	Scores: [0.09, 0.20]
INFO: Episode: 869	Avg Scores: [0.35, 0.35]	Scores: [0.29, 0.40]
INFO: Episode: 870	Avg Scores: [0.35, 0.36]	Scores: [0.39, 0.50]
INFO: Episode: 871	Avg Scores: [0.35, 0.36]	Scores: [0.49, 0.50]
INFO: Episode: 872	Avg Scores: [0.37, 0.37]	Scores: [1.40, 1.29]
INFO: Episode: 873	Avg Scores: [0.37, 0.38]	Scores: [0.49, 0.60]
INFO: Episode: 874	Avg Scores: [0.37, 0.38]	Scores: [0.20, 0.19]
INFO: Episode: 875	Avg Scores: [0.38, 0.39]	Scores: [1.20, 1.29]
INFO: Episode: 876	Avg Scores: [0.38, 0.39]	Scores: [-0.01, 0.10]
INFO: Episode: 877	Avg Scores: [0.39, 0.40]	Scores: [0.59, 0.70]
INFO: Episode: 878	Avg Scores: [0.41, 0.42]	Scores: [2.50, 2.50]
INFO: Episode: 879	Avg Scores: [0.41, 0.42]	Scores: [0.10, 0.09]
INFO: Episode: 880	Avg Scores: [0.41, 0.42]	Scores: [0.30, 0.29]
INFO: Episode: 881	Avg Scores: [0.44, 0.45]	Scores: [2.29, 2.30]
INFO: Episode: 882	Avg Scores: [0.44, 0.45]	Scores: [-0.01, 0.10]
INFO: Episode: 883	Avg Scores: [0.44, 0.45]	Scores: [0.40, 0.39]
INFO: Episode: 884	Avg Scores: [0.45, 0.46]	Scores: [1.59, 1.70]
INFO: Episode: 885	Avg Scores: [0.48, 0.49]	Scores: [2.50, 2.60]
INFO: Episode: 886	Avg Scores: [0.50, 0.51]	Scores: [2.60, 2.60]
INFO: 
Environment solved in 786 episodes!	Average Score: 0.50 | 0.51
INFO: Exiting...
